2021-08-15 19:27:07 INFO  class:156 - Inside GET ALL USER DAO
2021-08-15 19:27:08 INFO  Version:44 - HHH000412: Hibernate ORM core version 5.4.16.Final
2021-08-15 19:27:08 WARN  deprecation:91 - HHH90000012: Recognized obsolete hibernate namespace http://hibernate.sourceforge.net/hibernate-configuration. Use namespace http://www.hibernate.org/dtd/hibernate-configuration instead.  Support for obsolete DTD/XSD namespaces may be removed at any time.
2021-08-15 19:27:08 INFO  Version:49 - HCANN000001: Hibernate Commons Annotations {5.1.0.Final}
2021-08-15 19:27:08 WARN  pooling:72 - HHH10001002: Using Hibernate built-in connection pool (not for production use!)
2021-08-15 19:27:08 INFO  pooling:115 - HHH10001005: using driver [com.mysql.jdbc.Driver] at URL [jdbc:mysql://localhost:3306/ersdb]
2021-08-15 19:27:08 INFO  pooling:124 - HHH10001001: Connection properties: {password=****, user=root}
2021-08-15 19:27:08 INFO  pooling:129 - HHH10001003: Autocommit mode: false
2021-08-15 19:27:08 INFO  DriverManagerConnectionProviderImpl:249 - HHH000115: Hibernate connection pool size: 20 (min=1)
2021-08-15 19:27:09 INFO  Dialect:172 - HHH000400: Using dialect: org.hibernate.dialect.MySQL8Dialect
2021-08-15 19:27:10 INFO  access:47 - HHH10001501: Connection obtained from JdbcConnectionAccess [org.hibernate.engine.jdbc.env.internal.JdbcEnvironmentInitiator$ConnectionProviderJdbcConnectionAccess@3dc40ab9] for (non-JTA) DDL execution was not in auto-commit mode; the Connection 'local transaction' will be committed and the Connection will be set into auto-commit mode.
2021-08-15 19:27:10 INFO  JtaPlatformInitiator:52 - HHH000490: Using JtaPlatform implementation: [org.hibernate.engine.transaction.jta.platform.internal.NoJtaPlatform]
2021-08-15 19:29:48 INFO  class:156 - Inside GET ALL USER DAO
2021-08-15 19:29:48 INFO  Version:44 - HHH000412: Hibernate ORM core version 5.4.16.Final
2021-08-15 19:29:48 WARN  deprecation:91 - HHH90000012: Recognized obsolete hibernate namespace http://hibernate.sourceforge.net/hibernate-configuration. Use namespace http://www.hibernate.org/dtd/hibernate-configuration instead.  Support for obsolete DTD/XSD namespaces may be removed at any time.
2021-08-15 19:29:48 INFO  Version:49 - HCANN000001: Hibernate Commons Annotations {5.1.0.Final}
2021-08-15 19:29:49 WARN  pooling:72 - HHH10001002: Using Hibernate built-in connection pool (not for production use!)
2021-08-15 19:29:49 INFO  pooling:115 - HHH10001005: using driver [com.mysql.jdbc.Driver] at URL [jdbc:mysql://localhost:3306/ersdb]
2021-08-15 19:29:49 INFO  pooling:124 - HHH10001001: Connection properties: {password=****, user=root}
2021-08-15 19:29:49 INFO  pooling:129 - HHH10001003: Autocommit mode: false
2021-08-15 19:29:49 INFO  DriverManagerConnectionProviderImpl:249 - HHH000115: Hibernate connection pool size: 20 (min=1)
2021-08-15 19:29:49 INFO  Dialect:172 - HHH000400: Using dialect: org.hibernate.dialect.MySQL8Dialect
2021-08-15 19:29:50 INFO  access:47 - HHH10001501: Connection obtained from JdbcConnectionAccess [org.hibernate.engine.jdbc.env.internal.JdbcEnvironmentInitiator$ConnectionProviderJdbcConnectionAccess@3dc40ab9] for (non-JTA) DDL execution was not in auto-commit mode; the Connection 'local transaction' will be committed and the Connection will be set into auto-commit mode.
2021-08-15 19:29:50 INFO  JtaPlatformInitiator:52 - HHH000490: Using JtaPlatform implementation: [org.hibernate.engine.transaction.jta.platform.internal.NoJtaPlatform]
